[INFO ] 2025-06-03 19:10:41.781 [main] Board - ♙ from chess.core.board.Position@ba to chess.core.board.Position@9b
[INFO ] 2025-06-03 19:12:50.591 [main] Board - ♙ from A7 to A6
[INFO ] 2025-06-03 19:47:41.251 [main] Board - New Game
[INFO ] 2025-06-03 19:50:58.792 [main] Board - New Game
[INFO ] 2025-06-03 19:51:22.430 [main] Board - New Game
[INFO ] 2025-06-03 19:51:31.508 [main] Board - ♙ from A7 to A6
[INFO ] 2025-06-03 20:04:58.740 [main] Board - New Game
[INFO ] 2025-06-03 20:05:05.772 [main] Board - ♙ from A7 to A6
[INFO ] 2025-06-03 20:05:21.410 [main] Board - New Game
[INFO ] 2025-06-03 20:05:25.139 [main] Board - ♙ from A7 to A6
[INFO ] 2025-06-03 20:08:19.952 [main] Board - New Game
[INFO ] 2025-06-03 20:08:56.331 [main] Board - New Game
[INFO ] 2025-06-03 20:11:13.905 [main] Board - New Game
[INFO ] 2025-06-03 20:19:18.258 [main] Board - New Game
[INFO ] 2025-06-03 20:23:40.421 [main] Board - New Game
[INFO ] 2025-06-03 20:23:44.805 [main] Board - ♙ from A7 to A6
[INFO ] 2025-06-03 21:02:23.763 [main] Board - New Game
[INFO ] 2025-06-03 21:51:50.876 [main] Board - New Game
[INFO ] 2025-06-03 21:52:01.817 [main] Board - ♙ from A7 to A5
[INFO ] 2025-06-03 21:54:26.714 [main] Board - New Game
[INFO ] 2025-06-03 21:56:50.766 [main] Board - ♙ from A7 to A5
[INFO ] 2025-06-03 21:56:57.053 [main] Board - New Game
[INFO ] 2025-06-03 21:57:24.298 [main] Board - ♙ from A1 to A3
[INFO ] 2025-06-03 21:57:36.573 [main] Board - New Game
[INFO ] 2025-06-03 21:57:53.997 [main] Board - ♙ from A2 to A3
[INFO ] 2025-06-04 18:02:20.871 [main] Board - New Game
[INFO ] 2025-06-04 18:03:16.398 [main] Board - New Game
[INFO ] 2025-06-04 18:03:25.841 [main] Board - ♙ from E2 to E4
[INFO ] 2025-06-04 18:03:53.551 [main] Board - ♟ from E7 to E5
[INFO ] 2025-06-04 18:09:25.282 [main] Board - New Game
[INFO ] 2025-06-04 18:10:02.182 [main] Board - ♙ from E2 to E4
[INFO ] 2025-06-04 18:17:20.439 [main] Board - ♟ from E7 to E5
[INFO ] 2025-06-04 18:22:28.156 [main] Board - New Game
[INFO ] 2025-06-04 18:22:53.591 [main] Board - ♙ from E2 to E4
[INFO ] 2025-06-04 18:26:58.685 [main] Board - ♟ from E7 to E5
[INFO ] 2025-06-04 18:43:44.472 [main] Board - New Game
[INFO ] 2025-06-04 18:46:29.107 [main] Board - New Game
[INFO ] 2025-06-04 18:46:35.782 [main] Board - ♙ from E2 to E4
[INFO ] 2025-06-04 18:46:46.532 [main] Board - ♟ from E7 to E5
[INFO ] 2025-06-04 18:50:18.044 [main] Board - New Game
[INFO ] 2025-06-04 18:50:24.981 [main] Board - ♙ from E2 to E4
[INFO ] 2025-06-04 18:50:32.634 [main] Board - ♟ from D7 to D5
[INFO ] 2025-06-04 18:50:45.218 [main] Board - ♙ from E4 to E5
[INFO ] 2025-06-04 18:51:05.843 [main] Board - ♟ from F7 to F5
[INFO ] 2025-06-04 18:51:16.566 [main] Board - ♙ from C2 to C4
[INFO ] 2025-06-04 19:02:07.858 [main] Board - New Game
[INFO ] 2025-06-04 19:02:28.866 [main] Board - ♙ from E2 to E4
[INFO ] 2025-06-04 19:02:36.336 [main] Board - ♟ from D7 to D5
[INFO ] 2025-06-04 19:02:45.254 [main] Board - ♙ from E4 to D5
[INFO ] 2025-06-04 19:07:27.882 [main] Board - New Game
[INFO ] 2025-06-04 19:07:33.557 [main] Board - ♙ from E2 to E4
[INFO ] 2025-06-04 19:07:40.280 [main] Board - ♟ from D7 to D5
[INFO ] 2025-06-04 19:07:49.851 [main] Board - ♙ from E4 to D5
[INFO ] 2025-06-04 21:39:03.973 [main] Board - New Game
[INFO ] 2025-06-05 18:56:32.855 [main] Board - New Game
[INFO ] 2025-06-05 18:56:41.002 [main] Board - ♙ from A2 to A4
[INFO ] 2025-06-05 19:11:07.239 [main] Board - New Game
[INFO ] 2025-06-05 19:11:15.961 [main] Board - ♙ from B2 to B3
[INFO ] 2025-06-05 21:02:59.654 [main] Board - New Game
[INFO ] 2025-06-05 21:03:03.955 [main] Board - ♙ from A2 to A4
[INFO ] 2025-06-05 21:03:16.171 [main] Board - ♟ from A7 to A5
[INFO ] 2025-06-05 21:10:59.243 [main] Board - New Game
[INFO ] 2025-06-05 21:11:04.327 [main] Board - ♙ from A2 to A4
[INFO ] 2025-06-05 21:51:22.484 [main] Board - New Game
[INFO ] 2025-06-05 21:51:29.480 [main] Board - ♙ from A2 to A3
[INFO ] 2025-06-05 21:51:40.405 [main] Board - ♟ from B7 to B6
[INFO ] 2025-06-05 21:53:19.981 [main] Board - New Game
[INFO ] 2025-06-05 21:53:34.294 [main] Board - ♙ from A2 to A4
[INFO ] 2025-06-05 21:53:57.275 [main] Board - ♟ from C7 to C6
[INFO ] 2025-06-05 21:55:30.576 [main] Board - New Game
[INFO ] 2025-06-05 21:55:36.460 [main] Board - ♙ from A2 to A4
[INFO ] 2025-06-05 21:55:53.150 [main] Board - ♟ from B7 to B6
[INFO ] 2025-06-05 22:03:17.621 [main] Board - New Game
[INFO ] 2025-06-05 22:03:22.094 [main] Board - ♙ from A2 to A4
[INFO ] 2025-06-05 22:03:31.943 [main] Board - ♟ from D7 to D6
[INFO ] 2025-06-05 22:04:28.588 [main] Board - New Game
[INFO ] 2025-06-05 22:04:35.179 [main] Board - ♙ from A2 to A4
[INFO ] 2025-06-05 22:04:44.782 [main] Board - ♟ from E7 to E6
[INFO ] 2025-06-06 18:34:54.884 [main] Board - New Game
[INFO ] 2025-06-06 18:35:00.682 [main] Board - ♙ from A2 to A4
[INFO ] 2025-06-06 18:35:07.258 [main] Board - ♟ from B7 to B5
[INFO ] 2025-06-07 09:52:43.642 [main] Board - New Game
[INFO ] 2025-06-07 10:15:23.509 [main] Board - New Game
[INFO ] 2025-06-07 10:20:46.930 [main] Board - New Game
[INFO ] 2025-06-07 12:01:19.712 [main] Board - New Game
[INFO ] 2025-06-07 14:05:23.532 [main] Board - New Game
[INFO ] 2025-06-07 14:13:17.282 [main] Board - New Game
[INFO ] 2025-06-07 14:19:13.361 [main] Board - New Game
[INFO ] 2025-06-07 14:19:36.209 [main] Board - New Game
[INFO ] 2025-06-07 14:22:32.619 [main] Board - New Game
[INFO ] 2025-06-07 14:35:02.610 [main] Board - New Game
[INFO ] 2025-06-07 14:36:10.031 [main] Board - New Game
[INFO ] 2025-06-07 14:36:45.386 [main] Board - New Game
[INFO ] 2025-06-07 14:37:25.885 [main] Board - New Game
[INFO ] 2025-06-07 14:38:56.386 [main] Board - New Game
[INFO ] 2025-06-07 14:50:53.192 [main] Board - New Game
[INFO ] 2025-06-07 14:57:06.688 [main] Board - New Game
[INFO ] 2025-06-07 14:58:03.394 [main] Board - New Game
[INFO ] 2025-06-07 14:59:31.264 [main] Board - New Game
[INFO ] 2025-06-07 15:06:14.758 [main] Board - New Game
[INFO ] 2025-06-07 15:39:04.996 [main] Board - New Game
[INFO ] 2025-06-07 15:41:31.501 [main] Board - New Game
[INFO ] 2025-06-07 15:44:09.645 [main] Board - New Game
[INFO ] 2025-06-07 15:44:09.649 [main] Board - New Game
[INFO ] 2025-06-07 15:44:25.751 [main] Board - New Game
[INFO ] 2025-06-07 15:44:36.603 [AWT-EventQueue-0] Board - ♙ from D2 to D4
[INFO ] 2025-06-07 15:45:11.804 [AWT-EventQueue-0] Board - ♞ from G8 to F6
[INFO ] 2025-06-07 15:45:19.742 [AWT-EventQueue-0] Board - ♙ from D4 to D5
[INFO ] 2025-06-07 15:45:21.701 [AWT-EventQueue-0] Board - ♞ from F6 to D5
[INFO ] 2025-06-07 15:45:24.900 [AWT-EventQueue-0] Board - ♙ from E2 to E4
[INFO ] 2025-06-07 15:45:26.388 [AWT-EventQueue-0] Board - ♟ from G7 to G5
[INFO ] 2025-06-07 15:45:27.517 [AWT-EventQueue-0] Board - ♙ from E4 to D5
[INFO ] 2025-06-07 15:45:29.868 [AWT-EventQueue-0] Board - ♟ from D7 to D6
[INFO ] 2025-06-07 15:45:41.178 [AWT-EventQueue-0] Board - ♕ from D1 to G4
[INFO ] 2025-06-07 15:45:48.704 [AWT-EventQueue-0] Board - ♝ from F8 to H6
[INFO ] 2025-06-07 15:45:54.097 [AWT-EventQueue-0] Board - ♕ from G4 to D7
[INFO ] 2025-06-07 15:45:59.384 [AWT-EventQueue-0] Board - ♟ from B7 to B6
[INFO ] 2025-06-07 15:46:01.461 [AWT-EventQueue-0] Board - ♕ from D7 to E8
[INFO ] 2025-06-07 15:46:08.067 [AWT-EventQueue-0] Board - ♟ from F7 to F6
[INFO ] 2025-06-07 15:48:51.417 [main] Board - New Game
[INFO ] 2025-06-07 15:49:32.466 [main] Board - New Game
[INFO ] 2025-06-07 15:49:36.162 [AWT-EventQueue-0] Board - ♙ from E2 to E4
[INFO ] 2025-06-07 15:49:39.702 [AWT-EventQueue-0] Board - ♟ from E7 to E5
[INFO ] 2025-06-07 15:49:45.964 [AWT-EventQueue-0] Board - ♙ from F2 to F4
[INFO ] 2025-06-07 15:49:50.043 [AWT-EventQueue-0] Board - ♟ from E5 to F4
[INFO ] 2025-06-07 15:49:54.896 [AWT-EventQueue-0] Board - ♙ from G2 to G3
[INFO ] 2025-06-07 15:50:16.602 [main] Board - New Game
[INFO ] 2025-06-07 15:50:19.173 [AWT-EventQueue-0] Board - ♙ from F2 to F4
[INFO ] 2025-06-07 15:50:39.663 [main] Board - New Game
[INFO ] 2025-06-07 15:50:42.342 [AWT-EventQueue-0] Board - ♙ from E2 to E4
[INFO ] 2025-06-07 15:51:58.614 [main] Board - New Game
[INFO ] 2025-06-07 15:52:05.503 [AWT-EventQueue-0] Board - ♙ from E2 to E4
[INFO ] 2025-06-07 15:52:08.526 [AWT-EventQueue-0] Board - ♟ from E7 to E5
[INFO ] 2025-06-07 15:52:12.042 [AWT-EventQueue-0] Board - ♕ from D1 to G4
[INFO ] 2025-06-07 15:52:16.388 [AWT-EventQueue-0] Board - ♝ from F8 to C5
[INFO ] 2025-06-07 15:52:45.950 [main] Board - New Game
[INFO ] 2025-06-07 15:52:50.488 [AWT-EventQueue-0] Board - ♙ from E2 to E4
[INFO ] 2025-06-07 15:52:52.432 [AWT-EventQueue-0] Board - ♟ from E7 to E5
[INFO ] 2025-06-07 15:52:54.169 [AWT-EventQueue-0] Board - ♕ from D1 to G4
[INFO ] 2025-06-07 15:52:57.366 [AWT-EventQueue-0] Board - ♟ from F7 to F5
[INFO ] 2025-06-07 15:52:59.333 [AWT-EventQueue-0] Board - ♙ from E4 to F5
[INFO ] 2025-06-07 15:53:04.977 [AWT-EventQueue-0] Board - ♛ from D8 to H4
[INFO ] 2025-06-07 15:53:06.603 [AWT-EventQueue-0] Board - ♕ from G4 to G6
[INFO ] 2025-06-07 15:53:08.986 [AWT-EventQueue-0] Board - ♟ from D7 to D6
[INFO ] 2025-06-07 15:53:11.474 [AWT-EventQueue-0] Board - ♕ from G6 to E8
[INFO ] 2025-06-07 15:53:16.197 [AWT-EventQueue-0] Board - ♟ from C7 to C5
[INFO ] 2025-06-07 15:54:17.445 [main] Board - New Game
[INFO ] 2025-06-07 15:54:57.199 [main] Board - New Game
[INFO ] 2025-06-07 15:55:00.914 [AWT-EventQueue-0] Board - ♙ from E2 to E4
[INFO ] 2025-06-07 15:55:25.979 [main] Board - New Game
[INFO ] 2025-06-07 15:55:28.830 [AWT-EventQueue-0] Board - ♙ from F2 to F4
[INFO ] 2025-06-07 15:55:47.872 [main] Board - New Game
[INFO ] 2025-06-07 15:55:50.229 [AWT-EventQueue-0] Board - ♙ from F2 to F4
[INFO ] 2025-06-07 15:56:42.623 [main] Board - New Game
[INFO ] 2025-06-07 15:56:44.876 [AWT-EventQueue-0] Board - ♙ from E2 to E4
[INFO ] 2025-06-07 15:56:48.559 [AWT-EventQueue-0] Board - ♟ from E7 to E5
[INFO ] 2025-06-07 15:57:33.515 [main] Board - New Game
[INFO ] 2025-06-07 15:57:35.846 [AWT-EventQueue-0] Board - ♙ from E2 to E4
[INFO ] 2025-06-07 15:57:39.270 [AWT-EventQueue-0] Board - ♟ from E7 to E5
[INFO ] 2025-06-07 15:57:47.530 [AWT-EventQueue-0] Board - ♙ from F2 to F4
[INFO ] 2025-06-07 15:57:54.494 [AWT-EventQueue-0] Board - ♟ from F7 to F5
[INFO ] 2025-06-07 16:02:09.656 [main] Board - New Game
[INFO ] 2025-06-07 16:02:12.797 [AWT-EventQueue-0] Board - ♙ from E2 to E4
[INFO ] 2025-06-07 16:02:17.369 [AWT-EventQueue-0] Board - ♟ from E7 to E5
[INFO ] 2025-06-07 16:02:19.076 [AWT-EventQueue-0] Board - ♕ from D1 to G4
[INFO ] 2025-06-07 16:02:21.678 [AWT-EventQueue-0] Board - ♟ from D7 to D5
[INFO ] 2025-06-07 16:02:23.229 [AWT-EventQueue-0] Board - ♕ from G4 to E6
[INFO ] 2025-06-07 16:02:24.446 [AWT-EventQueue-0] Board - ♟ from G7 to G6
[INFO ] 2025-06-07 16:02:25.705 [AWT-EventQueue-0] Board - ♕ from E6 to E8
[INFO ] 2025-06-07 16:03:56.561 [main] Board - New Game
[INFO ] 2025-06-07 16:03:59.912 [AWT-EventQueue-0] Board - ♙ from E2 to E4
[INFO ] 2025-06-07 16:04:06.474 [AWT-EventQueue-0] Board - ♟ from E7 to E5
[INFO ] 2025-06-07 16:04:07.980 [AWT-EventQueue-0] Board - ♕ from D1 to G4
[INFO ] 2025-06-07 16:04:11.051 [AWT-EventQueue-0] Board - ♟ from D7 to D5
[INFO ] 2025-06-07 16:04:14.122 [AWT-EventQueue-0] Board - ♕ from G4 to E6
[INFO ] 2025-06-07 16:04:15.820 [AWT-EventQueue-0] Board - ♟ from F7 to F5
[INFO ] 2025-06-07 16:04:19.178 [AWT-EventQueue-0] Board - ♕ from E6 to E8
[INFO ] 2025-06-07 16:04:25.354 [AWT-EventQueue-0] Board - New Game
[INFO ] 2025-06-07 16:06:39.263 [main] Board - New Game
[INFO ] 2025-06-07 16:06:42.091 [AWT-EventQueue-0] Board - ♙ from E2 to E4
[INFO ] 2025-06-07 16:06:44.576 [AWT-EventQueue-0] Board - ♟ from E7 to E5
[INFO ] 2025-06-07 16:06:47.786 [AWT-EventQueue-0] Board - ♕ from D1 to H5
[INFO ] 2025-06-07 16:06:49.300 [AWT-EventQueue-0] Board - ♟ from F7 to F5
[INFO ] 2025-06-07 16:06:50.810 [AWT-EventQueue-0] Board - ♕ from H5 to E8
[INFO ] 2025-06-07 16:06:56.616 [AWT-EventQueue-0] Board - New Game
[INFO ] 2025-06-07 16:15:53.348 [main] Board - New Game
[INFO ] 2025-06-07 16:15:57.379 [AWT-EventQueue-0] Board - ♙ from E2 to E4
